[12:54:29] [ServerMain/INFO]: Environment: authHost='https://authserver.mojang.com', accountsHost='https://api.mojang.com', sessionHost='https://sessionserver.mojang.com', servicesHost='https://api.minecraftservices.com', name='PROD'
[12:54:36] [ServerMain/INFO]: Loaded 7 recipes
[12:54:39] [Server thread/INFO]: Starting minecraft server version 1.20.1
[12:54:39] [Server thread/INFO]: Loading properties
[12:54:40] [Server thread/INFO]: This server is running CraftBukkit version 3871-Spigot-d2eba2c-3f9263b (MC: 1.20.1) (Implementing API version 1.20.1-R0.1-SNAPSHOT)
[12:54:42] [Server thread/INFO]: Debug logging is disabled
[12:54:42] [Server thread/INFO]: Server Ping Player Sample Count: 12
[12:54:42] [Server thread/INFO]: Using 4 threads for Netty based IO
[12:54:42] [Server thread/INFO]: Default game type: SURVIVAL
[12:54:42] [Server thread/INFO]: Generating keypair
[12:54:43] [Server thread/INFO]: Starting Minecraft server on *:25565
[12:54:43] [Server thread/INFO]: Using default channel type
[12:54:44] [Server thread/WARN]: Initializing Legacy Material Support. Unless you have legacy plugins and/or data this is a bug!
[12:55:01] [Server thread/WARN]: Legacy plugin Tresor v1.0 does not specify an api-version.
[12:55:01] [Server thread/ERROR]: Fatal error trying to convert Tresor v1.0:tresor/Tresor.class
org.bukkit.plugin.AuthorNagException: No legacy enum constant for OAK_WOOD. Did you forget to define a modern (1.13+) api-version in your plugin.yml?
	at org.bukkit.craftbukkit.v1_20_R1.util.Commodore$1$1.visitFieldInsn(Commodore.java:253) ~[spigot-1.20.1-R0.1-SNAPSHOT.jar:3871-Spigot-d2eba2c-3f9263b]
	at org.objectweb.asm.ClassReader.readCode(ClassReader.java:2445) ~[asm-9.5.jar:9.5]
	at org.objectweb.asm.ClassReader.readMethod(ClassReader.java:1514) ~[asm-9.5.jar:9.5]
	at org.objectweb.asm.ClassReader.accept(ClassReader.java:744) ~[asm-9.5.jar:9.5]
	at org.objectweb.asm.ClassReader.accept(ClassReader.java:424) ~[asm-9.5.jar:9.5]
	at org.bukkit.craftbukkit.v1_20_R1.util.Commodore.convert(Commodore.java:131) ~[spigot-1.20.1-R0.1-SNAPSHOT.jar:3871-Spigot-d2eba2c-3f9263b]
	at org.bukkit.craftbukkit.v1_20_R1.util.CraftMagicNumbers.processClass(CraftMagicNumbers.java:340) ~[spigot-1.20.1-R0.1-SNAPSHOT.jar:3871-Spigot-d2eba2c-3f9263b]
	at org.bukkit.plugin.java.PluginClassLoader.findClass(PluginClassLoader.java:170) ~[spigot-api-1.20.1-R0.1-SNAPSHOT.jar:?]
	at java.lang.ClassLoader.loadClass(ClassLoader.java:593) ~[?:?]
	at org.bukkit.plugin.java.PluginClassLoader.loadClass0(PluginClassLoader.java:104) ~[spigot-api-1.20.1-R0.1-SNAPSHOT.jar:?]
	at org.bukkit.plugin.java.PluginClassLoader.loadClass(PluginClassLoader.java:99) ~[spigot-api-1.20.1-R0.1-SNAPSHOT.jar:?]
	at java.lang.ClassLoader.loadClass(ClassLoader.java:526) ~[?:?]
	at java.lang.Class.forName0(Native Method) ~[?:?]
	at java.lang.Class.forName(Class.java:534) ~[?:?]
	at java.lang.Class.forName(Class.java:513) ~[?:?]
	at org.bukkit.plugin.java.PluginClassLoader.<init>(PluginClassLoader.java:67) ~[spigot-api-1.20.1-R0.1-SNAPSHOT.jar:?]
	at org.bukkit.plugin.java.JavaPluginLoader.loadPlugin(JavaPluginLoader.java:145) ~[spigot-api-1.20.1-R0.1-SNAPSHOT.jar:?]
	at org.bukkit.plugin.SimplePluginManager.loadPlugin(SimplePluginManager.java:394) ~[spigot-api-1.20.1-R0.1-SNAPSHOT.jar:?]
	at org.bukkit.plugin.SimplePluginManager.loadPlugins(SimplePluginManager.java:301) ~[spigot-api-1.20.1-R0.1-SNAPSHOT.jar:?]
	at org.bukkit.craftbukkit.v1_20_R1.CraftServer.loadPlugins(CraftServer.java:435) ~[spigot-1.20.1-R0.1-SNAPSHOT.jar:3871-Spigot-d2eba2c-3f9263b]
	at net.minecraft.server.dedicated.DedicatedServer.e(DedicatedServer.java:219) ~[spigot-1.20.1-R0.1-SNAPSHOT.jar:3871-Spigot-d2eba2c-3f9263b]
	at net.minecraft.server.MinecraftServer.w(MinecraftServer.java:972) ~[spigot-1.20.1-R0.1-SNAPSHOT.jar:3871-Spigot-d2eba2c-3f9263b]
	at net.minecraft.server.MinecraftServer.lambda$0(MinecraftServer.java:303) ~[spigot-1.20.1-R0.1-SNAPSHOT.jar:3871-Spigot-d2eba2c-3f9263b]
	at java.lang.Thread.run(Thread.java:1583) ~[?:?]
[12:55:01] [Server thread/INFO]: [Tresor] Loading Tresor v1.0
[12:55:01] [Server thread/INFO]: Preparing level "world"
[12:55:01] [Server thread/INFO]: -------- World Settings For [world] --------
[12:55:01] [Server thread/INFO]: Entity Activation Range: An 32 / Mo 32 / Ra 48 / Mi 16 / Tiv true / Isa false
[12:55:01] [Server thread/INFO]: Entity Tracking Range: Pl 48 / An 48 / Mo 48 / Mi 32 / Di 128 / Other 64
[12:55:01] [Server thread/INFO]: Cactus Growth Modifier: 100%
[12:55:01] [Server thread/INFO]: Cane Growth Modifier: 100%
[12:55:01] [Server thread/INFO]: Melon Growth Modifier: 100%
[12:55:01] [Server thread/INFO]: Mushroom Growth Modifier: 100%
[12:55:01] [Server thread/INFO]: Pumpkin Growth Modifier: 100%
[12:55:01] [Server thread/INFO]: Sapling Growth Modifier: 100%
[12:55:01] [Server thread/INFO]: Beetroot Growth Modifier: 100%
[12:55:01] [Server thread/INFO]: Carrot Growth Modifier: 100%
[12:55:01] [Server thread/INFO]: Potato Growth Modifier: 100%
[12:55:01] [Server thread/INFO]: Wheat Growth Modifier: 100%
[12:55:01] [Server thread/INFO]: NetherWart Growth Modifier: 100%
[12:55:01] [Server thread/INFO]: Vine Growth Modifier: 100%
[12:55:01] [Server thread/INFO]: Cocoa Growth Modifier: 100%
[12:55:01] [Server thread/INFO]: Bamboo Growth Modifier: 100%
[12:55:01] [Server thread/INFO]: SweetBerry Growth Modifier: 100%
[12:55:01] [Server thread/INFO]: Kelp Growth Modifier: 100%
[12:55:01] [Server thread/INFO]: TwistingVines Growth Modifier: 100%
[12:55:01] [Server thread/INFO]: WeepingVines Growth Modifier: 100%
[12:55:01] [Server thread/INFO]: CaveVines Growth Modifier: 100%
[12:55:01] [Server thread/INFO]: Custom Map Seeds:  Village: 10387312 Desert: 14357617 Igloo: 14357618 Jungle: 14357619 Swamp: 14357620 Monument: 10387313 Ocean: 14357621 Shipwreck: 165745295 End City: 10387313 Slime: 987234911 Nether: 30084232 Mansion: 10387319 Fossil: 14357921 Portal: 34222645
[12:55:01] [Server thread/INFO]: Mob Spawn Range: 6
[12:55:01] [Server thread/INFO]: Tile Max Tick Time: 50ms Entity max Tick Time: 50ms
[12:55:01] [Server thread/INFO]: Max TNT Explosions: 100
[12:55:01] [Server thread/INFO]: Item Despawn Rate: 6000
[12:55:01] [Server thread/INFO]: Simulation Distance: 10
[12:55:01] [Server thread/INFO]: View Distance: 10
[12:55:01] [Server thread/INFO]: Arrow Despawn Rate: 1200 Trident Respawn Rate:1200
[12:55:01] [Server thread/INFO]: Experience Merge Radius: 3.0
[12:55:01] [Server thread/INFO]: Item Merge Radius: 2.5
[12:55:01] [Server thread/INFO]: Allow Zombie Pigmen to spawn from portal blocks: true
[12:55:01] [Server thread/INFO]: Zombie Aggressive Towards Villager: true
[12:55:01] [Server thread/INFO]: Nerfing mobs spawned from spawners: false
[12:55:01] [Server thread/INFO]: Hopper Transfer: 8 Hopper Check: 1 Hopper Amount: 1 Hopper Can Load Chunks: false
[12:55:02] [Server thread/INFO]: -------- World Settings For [world_nether] --------
[12:55:02] [Server thread/INFO]: Entity Activation Range: An 32 / Mo 32 / Ra 48 / Mi 16 / Tiv true / Isa false
[12:55:02] [Server thread/INFO]: Entity Tracking Range: Pl 48 / An 48 / Mo 48 / Mi 32 / Di 128 / Other 64
[12:55:02] [Server thread/INFO]: Cactus Growth Modifier: 100%
[12:55:02] [Server thread/INFO]: Cane Growth Modifier: 100%
[12:55:02] [Server thread/INFO]: Melon Growth Modifier: 100%
[12:55:02] [Server thread/INFO]: Mushroom Growth Modifier: 100%
[12:55:02] [Server thread/INFO]: Pumpkin Growth Modifier: 100%
[12:55:02] [Server thread/INFO]: Sapling Growth Modifier: 100%
[12:55:02] [Server thread/INFO]: Beetroot Growth Modifier: 100%
[12:55:02] [Server thread/INFO]: Carrot Growth Modifier: 100%
[12:55:02] [Server thread/INFO]: Potato Growth Modifier: 100%
[12:55:02] [Server thread/INFO]: Wheat Growth Modifier: 100%
[12:55:02] [Server thread/INFO]: NetherWart Growth Modifier: 100%
[12:55:02] [Server thread/INFO]: Vine Growth Modifier: 100%
[12:55:02] [Server thread/INFO]: Cocoa Growth Modifier: 100%
[12:55:02] [Server thread/INFO]: Bamboo Growth Modifier: 100%
[12:55:02] [Server thread/INFO]: SweetBerry Growth Modifier: 100%
[12:55:02] [Server thread/INFO]: Kelp Growth Modifier: 100%
[12:55:02] [Server thread/INFO]: TwistingVines Growth Modifier: 100%
[12:55:02] [Server thread/INFO]: WeepingVines Growth Modifier: 100%
[12:55:02] [Server thread/INFO]: CaveVines Growth Modifier: 100%
[12:55:02] [Server thread/INFO]: Custom Map Seeds:  Village: 10387312 Desert: 14357617 Igloo: 14357618 Jungle: 14357619 Swamp: 14357620 Monument: 10387313 Ocean: 14357621 Shipwreck: 165745295 End City: 10387313 Slime: 987234911 Nether: 30084232 Mansion: 10387319 Fossil: 14357921 Portal: 34222645
[12:55:02] [Server thread/INFO]: Mob Spawn Range: 6
[12:55:02] [Server thread/INFO]: Tile Max Tick Time: 50ms Entity max Tick Time: 50ms
[12:55:02] [Server thread/INFO]: Max TNT Explosions: 100
[12:55:02] [Server thread/INFO]: Item Despawn Rate: 6000
[12:55:02] [Server thread/INFO]: Simulation Distance: 10
[12:55:02] [Server thread/INFO]: View Distance: 10
[12:55:02] [Server thread/INFO]: Arrow Despawn Rate: 1200 Trident Respawn Rate:1200
[12:55:02] [Server thread/INFO]: Experience Merge Radius: 3.0
[12:55:02] [Server thread/INFO]: Item Merge Radius: 2.5
[12:55:02] [Server thread/INFO]: Allow Zombie Pigmen to spawn from portal blocks: true
[12:55:02] [Server thread/INFO]: Zombie Aggressive Towards Villager: true
[12:55:02] [Server thread/INFO]: Nerfing mobs spawned from spawners: false
[12:55:02] [Server thread/INFO]: Hopper Transfer: 8 Hopper Check: 1 Hopper Amount: 1 Hopper Can Load Chunks: false
[12:55:09] [Server thread/INFO]: -------- World Settings For [world_the_end] --------
[12:55:09] [Server thread/INFO]: Entity Activation Range: An 32 / Mo 32 / Ra 48 / Mi 16 / Tiv true / Isa false
[12:55:09] [Server thread/INFO]: Entity Tracking Range: Pl 48 / An 48 / Mo 48 / Mi 32 / Di 128 / Other 64
[12:55:09] [Server thread/INFO]: Cactus Growth Modifier: 100%
[12:55:09] [Server thread/INFO]: Cane Growth Modifier: 100%
[12:55:09] [Server thread/INFO]: Melon Growth Modifier: 100%
[12:55:09] [Server thread/INFO]: Mushroom Growth Modifier: 100%
[12:55:09] [Server thread/INFO]: Pumpkin Growth Modifier: 100%
[12:55:09] [Server thread/INFO]: Sapling Growth Modifier: 100%
[12:55:09] [Server thread/INFO]: Beetroot Growth Modifier: 100%
[12:55:09] [Server thread/INFO]: Carrot Growth Modifier: 100%
[12:55:09] [Server thread/INFO]: Potato Growth Modifier: 100%
[12:55:09] [Server thread/INFO]: Wheat Growth Modifier: 100%
[12:55:09] [Server thread/INFO]: NetherWart Growth Modifier: 100%
[12:55:09] [Server thread/INFO]: Vine Growth Modifier: 100%
[12:55:09] [Server thread/INFO]: Cocoa Growth Modifier: 100%
[12:55:09] [Server thread/INFO]: Bamboo Growth Modifier: 100%
[12:55:09] [Server thread/INFO]: SweetBerry Growth Modifier: 100%
[12:55:09] [Server thread/INFO]: Kelp Growth Modifier: 100%
[12:55:09] [Server thread/INFO]: TwistingVines Growth Modifier: 100%
[12:55:09] [Server thread/INFO]: WeepingVines Growth Modifier: 100%
[12:55:09] [Server thread/INFO]: CaveVines Growth Modifier: 100%
[12:55:09] [Server thread/INFO]: Custom Map Seeds:  Village: 10387312 Desert: 14357617 Igloo: 14357618 Jungle: 14357619 Swamp: 14357620 Monument: 10387313 Ocean: 14357621 Shipwreck: 165745295 End City: 10387313 Slime: 987234911 Nether: 30084232 Mansion: 10387319 Fossil: 14357921 Portal: 34222645
[12:55:09] [Server thread/INFO]: Mob Spawn Range: 6
[12:55:09] [Server thread/INFO]: Tile Max Tick Time: 50ms Entity max Tick Time: 50ms
[12:55:09] [Server thread/INFO]: Max TNT Explosions: 100
[12:55:09] [Server thread/INFO]: Item Despawn Rate: 6000
[12:55:09] [Server thread/INFO]: Simulation Distance: 10
[12:55:09] [Server thread/INFO]: View Distance: 10
[12:55:09] [Server thread/INFO]: Arrow Despawn Rate: 1200 Trident Respawn Rate:1200
[12:55:09] [Server thread/INFO]: Experience Merge Radius: 3.0
[12:55:09] [Server thread/INFO]: Item Merge Radius: 2.5
[12:55:09] [Server thread/INFO]: Allow Zombie Pigmen to spawn from portal blocks: true
[12:55:09] [Server thread/INFO]: Zombie Aggressive Towards Villager: true
[12:55:09] [Server thread/INFO]: Nerfing mobs spawned from spawners: false
[12:55:09] [Server thread/INFO]: Hopper Transfer: 8 Hopper Check: 1 Hopper Amount: 1 Hopper Can Load Chunks: false
[12:55:09] [Server thread/INFO]: Preparing start region for dimension minecraft:overworld
[12:55:26] [Worker-Main-1/INFO]: Preparing spawn area: 0%
[12:55:26] [Worker-Main-3/INFO]: Preparing spawn area: 0%
[12:55:26] [Worker-Main-3/INFO]: Preparing spawn area: 0%
[12:55:26] [Worker-Main-1/INFO]: Preparing spawn area: 0%
[12:55:26] [Worker-Main-2/INFO]: Preparing spawn area: 0%
[12:55:27] [Worker-Main-3/INFO]: Preparing spawn area: 0%
[12:55:27] [Worker-Main-2/INFO]: Preparing spawn area: 0%
[12:55:27] [Worker-Main-3/INFO]: Preparing spawn area: 0%
[12:55:27] [Worker-Main-3/INFO]: Preparing spawn area: 0%
[12:55:27] [Worker-Main-3/INFO]: Preparing spawn area: 0%
[12:55:27] [Worker-Main-3/INFO]: Preparing spawn area: 0%
[12:55:27] [Worker-Main-2/INFO]: Preparing spawn area: 0%
[12:55:27] [Worker-Main-1/INFO]: Preparing spawn area: 0%
[12:55:27] [Worker-Main-3/INFO]: Preparing spawn area: 0%
[12:55:27] [Worker-Main-2/INFO]: Preparing spawn area: 0%
[12:55:27] [Worker-Main-1/INFO]: Preparing spawn area: 0%
[12:55:27] [Worker-Main-2/INFO]: Preparing spawn area: 0%
[12:55:27] [Worker-Main-3/INFO]: Preparing spawn area: 0%
[12:55:27] [Worker-Main-1/INFO]: Preparing spawn area: 0%
[12:55:27] [Worker-Main-1/INFO]: Preparing spawn area: 0%
[12:55:27] [Worker-Main-1/INFO]: Preparing spawn area: 0%
[12:55:27] [Worker-Main-3/INFO]: Preparing spawn area: 0%
[12:55:27] [Worker-Main-1/INFO]: Preparing spawn area: 0%
[12:55:27] [Worker-Main-2/INFO]: Preparing spawn area: 0%
[12:55:27] [Worker-Main-1/INFO]: Preparing spawn area: 0%
[12:55:27] [Worker-Main-1/INFO]: Preparing spawn area: 0%
[12:55:27] [Worker-Main-2/INFO]: Preparing spawn area: 0%
[12:55:27] [Worker-Main-3/INFO]: Preparing spawn area: 0%
[12:55:27] [Worker-Main-1/INFO]: Preparing spawn area: 0%
[12:55:27] [Worker-Main-2/INFO]: Preparing spawn area: 0%
[12:55:27] [Worker-Main-1/INFO]: Preparing spawn area: 0%
[12:55:27] [Worker-Main-1/INFO]: Preparing spawn area: 0%
[12:55:27] [Worker-Main-1/INFO]: Preparing spawn area: 0%
[12:55:27] [Worker-Main-3/INFO]: Preparing spawn area: 0%
[12:55:27] [Worker-Main-1/INFO]: Preparing spawn area: 0%
[12:55:27] [Worker-Main-3/INFO]: Preparing spawn area: 0%
[12:55:27] [Worker-Main-1/INFO]: Preparing spawn area: 0%
[12:55:27] [Worker-Main-1/INFO]: Preparing spawn area: 0%
[12:55:28] [Worker-Main-3/INFO]: Preparing spawn area: 0%
[12:55:28] [Worker-Main-1/INFO]: Preparing spawn area: 0%
[12:55:29] [Worker-Main-1/INFO]: Preparing spawn area: 0%
[12:55:29] [Worker-Main-2/INFO]: Preparing spawn area: 6%
[12:55:30] [Worker-Main-2/INFO]: Preparing spawn area: 22%
[12:55:30] [Worker-Main-1/INFO]: Preparing spawn area: 22%
[12:55:31] [Worker-Main-3/INFO]: Preparing spawn area: 85%
[12:55:31] [Server thread/INFO]: Time elapsed: 22206 ms
[12:55:31] [Server thread/INFO]: Preparing start region for dimension minecraft:the_nether
[12:55:46] [Worker-Main-1/INFO]: Preparing spawn area: 0%
[12:55:46] [Worker-Main-1/INFO]: Preparing spawn area: 0%
[12:55:46] [Worker-Main-1/INFO]: Preparing spawn area: 0%
[12:55:46] [Worker-Main-1/INFO]: Preparing spawn area: 0%
[12:55:46] [Worker-Main-1/INFO]: Preparing spawn area: 0%
[12:55:46] [Worker-Main-1/INFO]: Preparing spawn area: 0%
[12:55:46] [Worker-Main-3/INFO]: Preparing spawn area: 0%
[12:55:46] [Worker-Main-3/INFO]: Preparing spawn area: 0%
[12:55:46] [Worker-Main-3/INFO]: Preparing spawn area: 0%
[12:55:46] [Worker-Main-3/INFO]: Preparing spawn area: 0%
[12:55:46] [Worker-Main-3/INFO]: Preparing spawn area: 0%
[12:55:46] [Worker-Main-3/INFO]: Preparing spawn area: 0%
[12:55:46] [Worker-Main-3/INFO]: Preparing spawn area: 0%
[12:55:46] [Worker-Main-3/INFO]: Preparing spawn area: 0%
[12:55:46] [Worker-Main-3/INFO]: Preparing spawn area: 0%
[12:55:46] [Worker-Main-3/INFO]: Preparing spawn area: 0%
[12:55:46] [Worker-Main-3/INFO]: Preparing spawn area: 0%
[12:55:46] [Worker-Main-3/INFO]: Preparing spawn area: 0%
[12:55:46] [Worker-Main-3/INFO]: Preparing spawn area: 0%
[12:55:46] [Worker-Main-3/INFO]: Preparing spawn area: 0%
[12:55:46] [Worker-Main-2/INFO]: Preparing spawn area: 0%
[12:55:46] [Worker-Main-2/INFO]: Preparing spawn area: 0%
[12:55:46] [Worker-Main-2/INFO]: Preparing spawn area: 0%
[12:55:46] [Worker-Main-2/INFO]: Preparing spawn area: 0%
[12:55:46] [Worker-Main-2/INFO]: Preparing spawn area: 0%
[12:55:46] [Worker-Main-2/INFO]: Preparing spawn area: 0%
[12:55:46] [Worker-Main-2/INFO]: Preparing spawn area: 0%
[12:55:46] [Worker-Main-2/INFO]: Preparing spawn area: 0%
[12:55:46] [Worker-Main-2/INFO]: Preparing spawn area: 0%
[12:55:46] [Worker-Main-2/INFO]: Preparing spawn area: 0%
[12:55:46] [Worker-Main-3/INFO]: Preparing spawn area: 0%
[12:55:47] [Worker-Main-1/INFO]: Preparing spawn area: 3%
[12:55:47] [Worker-Main-3/INFO]: Preparing spawn area: 45%
[12:55:48] [Worker-Main-2/INFO]: Preparing spawn area: 89%
[12:55:48] [Server thread/INFO]: Time elapsed: 17013 ms
[12:55:48] [Server thread/INFO]: Preparing start region for dimension minecraft:the_end
[12:56:02] [Worker-Main-2/INFO]: Preparing spawn area: 0%
[12:56:02] [Worker-Main-3/INFO]: Preparing spawn area: 0%
[12:56:02] [Worker-Main-2/INFO]: Preparing spawn area: 0%
[12:56:02] [Worker-Main-2/INFO]: Preparing spawn area: 0%
[12:56:02] [Worker-Main-2/INFO]: Preparing spawn area: 0%
[12:56:02] [Worker-Main-2/INFO]: Preparing spawn area: 0%
[12:56:02] [Worker-Main-2/INFO]: Preparing spawn area: 0%
[12:56:02] [Worker-Main-2/INFO]: Preparing spawn area: 0%
[12:56:02] [Worker-Main-2/INFO]: Preparing spawn area: 0%
[12:56:02] [Worker-Main-2/INFO]: Preparing spawn area: 0%
[12:56:02] [Worker-Main-2/INFO]: Preparing spawn area: 0%
[12:56:02] [Worker-Main-2/INFO]: Preparing spawn area: 0%
[12:56:02] [Worker-Main-2/INFO]: Preparing spawn area: 0%
[12:56:02] [Worker-Main-2/INFO]: Preparing spawn area: 0%
[12:56:02] [Worker-Main-3/INFO]: Preparing spawn area: 0%
[12:56:02] [Worker-Main-3/INFO]: Preparing spawn area: 0%
[12:56:02] [Worker-Main-3/INFO]: Preparing spawn area: 0%
[12:56:02] [Worker-Main-3/INFO]: Preparing spawn area: 0%
[12:56:02] [Worker-Main-3/INFO]: Preparing spawn area: 0%
[12:56:02] [Worker-Main-3/INFO]: Preparing spawn area: 0%
[12:56:02] [Worker-Main-3/INFO]: Preparing spawn area: 0%
[12:56:02] [Worker-Main-3/INFO]: Preparing spawn area: 0%
[12:56:02] [Worker-Main-3/INFO]: Preparing spawn area: 0%
[12:56:02] [Worker-Main-3/INFO]: Preparing spawn area: 0%
[12:56:02] [Worker-Main-3/INFO]: Preparing spawn area: 0%
[12:56:02] [Worker-Main-3/INFO]: Preparing spawn area: 0%
[12:56:02] [Worker-Main-3/INFO]: Preparing spawn area: 0%
[12:56:02] [Worker-Main-3/INFO]: Preparing spawn area: 0%
[12:56:02] [Worker-Main-3/INFO]: Preparing spawn area: 0%
[12:56:03] [Worker-Main-3/INFO]: Preparing spawn area: 2%
[12:56:03] [Worker-Main-2/INFO]: Preparing spawn area: 32%
[12:56:04] [Worker-Main-2/INFO]: Preparing spawn area: 74%
[12:56:04] [Server thread/INFO]: Time elapsed: 15862 ms
[12:56:04] [Server thread/INFO]: [Tresor] Enabling Tresor v1.0
[12:56:04] [Server thread/INFO]: [Tresor] Trésor est invoqué
[12:56:04] [Server thread/ERROR]: Fatal error trying to convert Tresor v1.0:tresor/TresorCommandExecutor.class
org.bukkit.plugin.AuthorNagException: No legacy enum constant for OAK_WOOD. Did you forget to define a modern (1.13+) api-version in your plugin.yml?
	at org.bukkit.craftbukkit.v1_20_R1.util.Commodore$1$1.visitFieldInsn(Commodore.java:253) ~[spigot-1.20.1-R0.1-SNAPSHOT.jar:3871-Spigot-d2eba2c-3f9263b]
	at org.objectweb.asm.ClassReader.readCode(ClassReader.java:2445) ~[asm-9.5.jar:9.5]
	at org.objectweb.asm.ClassReader.readMethod(ClassReader.java:1514) ~[asm-9.5.jar:9.5]
	at org.objectweb.asm.ClassReader.accept(ClassReader.java:744) ~[asm-9.5.jar:9.5]
	at org.objectweb.asm.ClassReader.accept(ClassReader.java:424) ~[asm-9.5.jar:9.5]
	at org.bukkit.craftbukkit.v1_20_R1.util.Commodore.convert(Commodore.java:131) ~[spigot-1.20.1-R0.1-SNAPSHOT.jar:3871-Spigot-d2eba2c-3f9263b]
	at org.bukkit.craftbukkit.v1_20_R1.util.CraftMagicNumbers.processClass(CraftMagicNumbers.java:340) ~[spigot-1.20.1-R0.1-SNAPSHOT.jar:3871-Spigot-d2eba2c-3f9263b]
	at org.bukkit.plugin.java.PluginClassLoader.findClass(PluginClassLoader.java:170) ~[spigot-api-1.20.1-R0.1-SNAPSHOT.jar:?]
	at java.lang.ClassLoader.loadClass(ClassLoader.java:593) ~[?:?]
	at org.bukkit.plugin.java.PluginClassLoader.loadClass0(PluginClassLoader.java:104) ~[spigot-api-1.20.1-R0.1-SNAPSHOT.jar:?]
	at org.bukkit.plugin.java.PluginClassLoader.loadClass(PluginClassLoader.java:99) ~[spigot-api-1.20.1-R0.1-SNAPSHOT.jar:?]
	at java.lang.ClassLoader.loadClass(ClassLoader.java:526) ~[?:?]
	at tresor.Tresor.onEnable(Tresor.java:43) ~[?:?]
	at org.bukkit.plugin.java.JavaPlugin.setEnabled(JavaPlugin.java:266) ~[spigot-api-1.20.1-R0.1-SNAPSHOT.jar:?]
	at org.bukkit.plugin.java.JavaPluginLoader.enablePlugin(JavaPluginLoader.java:342) ~[spigot-api-1.20.1-R0.1-SNAPSHOT.jar:?]
	at org.bukkit.plugin.SimplePluginManager.enablePlugin(SimplePluginManager.java:480) ~[spigot-api-1.20.1-R0.1-SNAPSHOT.jar:?]
	at org.bukkit.craftbukkit.v1_20_R1.CraftServer.enablePlugin(CraftServer.java:546) ~[spigot-1.20.1-R0.1-SNAPSHOT.jar:3871-Spigot-d2eba2c-3f9263b]
	at org.bukkit.craftbukkit.v1_20_R1.CraftServer.enablePlugins(CraftServer.java:460) ~[spigot-1.20.1-R0.1-SNAPSHOT.jar:3871-Spigot-d2eba2c-3f9263b]
	at net.minecraft.server.MinecraftServer.loadWorld0(MinecraftServer.java:588) ~[spigot-1.20.1-R0.1-SNAPSHOT.jar:3871-Spigot-d2eba2c-3f9263b]
	at net.minecraft.server.MinecraftServer.loadLevel(MinecraftServer.java:413) ~[spigot-1.20.1-R0.1-SNAPSHOT.jar:3871-Spigot-d2eba2c-3f9263b]
	at net.minecraft.server.dedicated.DedicatedServer.e(DedicatedServer.java:250) ~[spigot-1.20.1-R0.1-SNAPSHOT.jar:3871-Spigot-d2eba2c-3f9263b]
	at net.minecraft.server.MinecraftServer.w(MinecraftServer.java:972) ~[spigot-1.20.1-R0.1-SNAPSHOT.jar:3871-Spigot-d2eba2c-3f9263b]
	at net.minecraft.server.MinecraftServer.lambda$0(MinecraftServer.java:303) ~[spigot-1.20.1-R0.1-SNAPSHOT.jar:3871-Spigot-d2eba2c-3f9263b]
	at java.lang.Thread.run(Thread.java:1583) ~[?:?]
[12:56:04] [Server thread/ERROR]: Fatal error trying to convert Tresor v1.0:tresor/PayCommandExecutor.class
org.bukkit.plugin.AuthorNagException: No legacy enum constant for SUNFLOWER. Did you forget to define a modern (1.13+) api-version in your plugin.yml?
	at org.bukkit.craftbukkit.v1_20_R1.util.Commodore$1$1.visitFieldInsn(Commodore.java:253) ~[spigot-1.20.1-R0.1-SNAPSHOT.jar:3871-Spigot-d2eba2c-3f9263b]
	at org.objectweb.asm.ClassReader.readCode(ClassReader.java:2445) ~[asm-9.5.jar:9.5]
	at org.objectweb.asm.ClassReader.readMethod(ClassReader.java:1514) ~[asm-9.5.jar:9.5]
	at org.objectweb.asm.ClassReader.accept(ClassReader.java:744) ~[asm-9.5.jar:9.5]
	at org.objectweb.asm.ClassReader.accept(ClassReader.java:424) ~[asm-9.5.jar:9.5]
	at org.bukkit.craftbukkit.v1_20_R1.util.Commodore.convert(Commodore.java:131) ~[spigot-1.20.1-R0.1-SNAPSHOT.jar:3871-Spigot-d2eba2c-3f9263b]
	at org.bukkit.craftbukkit.v1_20_R1.util.CraftMagicNumbers.processClass(CraftMagicNumbers.java:340) ~[spigot-1.20.1-R0.1-SNAPSHOT.jar:3871-Spigot-d2eba2c-3f9263b]
	at org.bukkit.plugin.java.PluginClassLoader.findClass(PluginClassLoader.java:170) ~[spigot-api-1.20.1-R0.1-SNAPSHOT.jar:?]
	at java.lang.ClassLoader.loadClass(ClassLoader.java:593) ~[?:?]
	at org.bukkit.plugin.java.PluginClassLoader.loadClass0(PluginClassLoader.java:104) ~[spigot-api-1.20.1-R0.1-SNAPSHOT.jar:?]
	at org.bukkit.plugin.java.PluginClassLoader.loadClass(PluginClassLoader.java:99) ~[spigot-api-1.20.1-R0.1-SNAPSHOT.jar:?]
	at java.lang.ClassLoader.loadClass(ClassLoader.java:526) ~[?:?]
	at tresor.Tresor.onEnable(Tresor.java:44) ~[?:?]
	at org.bukkit.plugin.java.JavaPlugin.setEnabled(JavaPlugin.java:266) ~[spigot-api-1.20.1-R0.1-SNAPSHOT.jar:?]
	at org.bukkit.plugin.java.JavaPluginLoader.enablePlugin(JavaPluginLoader.java:342) ~[spigot-api-1.20.1-R0.1-SNAPSHOT.jar:?]
	at org.bukkit.plugin.SimplePluginManager.enablePlugin(SimplePluginManager.java:480) ~[spigot-api-1.20.1-R0.1-SNAPSHOT.jar:?]
	at org.bukkit.craftbukkit.v1_20_R1.CraftServer.enablePlugin(CraftServer.java:546) ~[spigot-1.20.1-R0.1-SNAPSHOT.jar:3871-Spigot-d2eba2c-3f9263b]
	at org.bukkit.craftbukkit.v1_20_R1.CraftServer.enablePlugins(CraftServer.java:460) ~[spigot-1.20.1-R0.1-SNAPSHOT.jar:3871-Spigot-d2eba2c-3f9263b]
	at net.minecraft.server.MinecraftServer.loadWorld0(MinecraftServer.java:588) ~[spigot-1.20.1-R0.1-SNAPSHOT.jar:3871-Spigot-d2eba2c-3f9263b]
	at net.minecraft.server.MinecraftServer.loadLevel(MinecraftServer.java:413) ~[spigot-1.20.1-R0.1-SNAPSHOT.jar:3871-Spigot-d2eba2c-3f9263b]
	at net.minecraft.server.dedicated.DedicatedServer.e(DedicatedServer.java:250) ~[spigot-1.20.1-R0.1-SNAPSHOT.jar:3871-Spigot-d2eba2c-3f9263b]
	at net.minecraft.server.MinecraftServer.w(MinecraftServer.java:972) ~[spigot-1.20.1-R0.1-SNAPSHOT.jar:3871-Spigot-d2eba2c-3f9263b]
	at net.minecraft.server.MinecraftServer.lambda$0(MinecraftServer.java:303) ~[spigot-1.20.1-R0.1-SNAPSHOT.jar:3871-Spigot-d2eba2c-3f9263b]
	at java.lang.Thread.run(Thread.java:1583) ~[?:?]
[12:56:04] [Server thread/INFO]: Server permissions file permissions.yml is empty, ignoring it
[12:56:04] [Server thread/INFO]: Done (63.436s)! For help, type "help"
[12:56:20] [Server thread/INFO]: Un coffre mystérieux est apparu à la position X: -823, Y: 67, Z: -2443 ![m
[12:56:21] [Server thread/INFO]: com.mojang.authlib.GameProfile@70ec4211[id=<null>,name=GGames__,properties={},legacy=false] (/127.0.0.1:7996) lost connection: Disconnected
[12:56:21] [Server thread/WARN]: Can't keep up! Is the server overloaded? Running 16292ms or 325 ticks behind
[12:57:08] [User Authenticator #1/INFO]: UUID of player GGames__ is 99cabfe8-fa12-4141-b110-1913bf32ba22
[12:57:10] [Server thread/INFO]: Un coffre mystérieux est apparu à la position X: 773, Y: 74, Z: -3952 ![m
[12:57:11] [Server thread/INFO]: GGames__ joined the game
[12:57:11] [Server thread/INFO]: GGames__[/127.0.0.1:8050] logged in with entity id 181 at ([world]-4875.5, 80.74436572127308, -69.5)
[12:57:12] [Server thread/WARN]: Can't keep up! Is the server overloaded? Running 15183ms or 303 ticks behind
[12:57:57] [Server thread/INFO]: Un coffre mystérieux est apparu à la position X: 3803, Y: 62, Z: -2892 ![m
[12:57:57] [Server thread/WARN]: Can't keep up! Is the server overloaded? Running 9376ms or 187 ticks behind
[12:58:01] [Server thread/INFO]: GGames__ issued server command: /pay GGames__ 100
[12:58:08] [Server thread/INFO]: GGames__ lost connection: Disconnected
[12:58:08] [Server thread/INFO]: GGames__ left the game
[12:58:17] [Server thread/INFO]: Stopping the server
[12:58:17] [Server thread/INFO]: Stopping server
[12:58:17] [Server thread/INFO]: [Tresor] Disabling Tresor v1.0
[12:58:17] [Server thread/INFO]: [Tresor] Trésor est désinvoqué
[12:58:17] [Server thread/INFO]: Saving players
[12:58:18] [Server thread/INFO]: Saving worlds
[12:58:25] [Server thread/INFO]: Saving chunks for level 'ServerLevel[world]'/minecraft:overworld
[12:58:25] [Server thread/INFO]: Saving chunks for level 'ServerLevel[world_nether]'/minecraft:the_nether
[12:58:25] [Server thread/INFO]: Saving chunks for level 'ServerLevel[world_the_end]'/minecraft:the_end
[12:58:25] [Server thread/INFO]: ThreadedAnvilChunkStorage (world): All chunks are saved
[12:58:25] [Server thread/INFO]: ThreadedAnvilChunkStorage (DIM-1): All chunks are saved
[12:58:25] [Server thread/INFO]: ThreadedAnvilChunkStorage (DIM1): All chunks are saved
[12:58:25] [Server thread/INFO]: ThreadedAnvilChunkStorage: All dimensions are saved
